<?xml version="1.0" encoding="UTF-8"?>
<!-- Generated by org.testng.reporters.JUnitXMLReporter -->
<testsuite hostname="MacBook-Air-de-Grace.local" name="Surefire test" tests="8" failures="0" timestamp="11 Oct 2017 00:23:21 GMT" time="9.825" errors="0">
  <testcase name="testDebugInvalidSpecByContent" time="1.509" classname="spec.validator.ValidatorTest"/>
  <testcase name="testDebugInvalidSpecByUrl" time="0.272" classname="spec.validator.ValidatorTest"/>
  <testcase name="testDebugValidSpecByContent" time="0.3" classname="spec.validator.ValidatorTest"/>
  <testcase name="testDebugValidSpecByUrl" time="0.311" classname="spec.validator.ValidatorTest"/>
  <testcase name="testValidateInvalidSpecByContent" time="0.224" classname="spec.validator.ValidatorTest"/>
  <testcase name="testValidateInvalidSpecByUrl" time="0.203" classname="spec.validator.ValidatorTest"/>
  <testcase name="testValidateValidSpecByContent" time="0.319" classname="spec.validator.ValidatorTest"/>
  <testcase name="testValidateValidSpecByUrl" time="0.292" classname="spec.validator.ValidatorTest"/>
</testsuite> <!-- Surefire test -->
