<?xml version="1.0" encoding="UTF-8"?>
<!-- Generated by org.testng.reporters.JUnitXMLReporter -->
<testsuite hostname="MacBook-Air-de-Grace.local" name="Surefire test" tests="16" failures="0" timestamp="28 Nov 2017 23:35:29 GMT" time="16.943" errors="0">
  <testcase name="testDebugInvalid20SpecByContent" time="2.066" classname="spec.validator.ValidatorTest"/>
  <testcase name="testDebugInvalid20SpecByUrl" time="0.591" classname="spec.validator.ValidatorTest"/>
  <testcase name="testDebugInvalid30SpecByContent" time="0.711" classname="spec.validator.ValidatorTest"/>
  <testcase name="testDebugInvalid30SpecByUrl" time="0.326" classname="spec.validator.ValidatorTest"/>
  <testcase name="testDebugValid20SpecByContent" time="1.242" classname="spec.validator.ValidatorTest"/>
  <testcase name="testDebugValid20SpecByUrl" time="0.982" classname="spec.validator.ValidatorTest"/>
  <testcase name="testDebugValid30SpecByContent" time="0.33" classname="spec.validator.ValidatorTest"/>
  <testcase name="testDebugValid30SpecByUrl" time="0.313" classname="spec.validator.ValidatorTest"/>
  <testcase name="testValidateInvalid20SpecByContent" time="0.398" classname="spec.validator.ValidatorTest"/>
  <testcase name="testValidateInvalid20SpecByUrl" time="0.414" classname="spec.validator.ValidatorTest"/>
  <testcase name="testValidateInvalid30SpecByContent" time="0.271" classname="spec.validator.ValidatorTest"/>
  <testcase name="testValidateInvalid30SpecByUrl" time="0.278" classname="spec.validator.ValidatorTest"/>
  <testcase name="testValidateValid20SpecByContent" time="0.925" classname="spec.validator.ValidatorTest"/>
  <testcase name="testValidateValid20SpecByUrl" time="1.028" classname="spec.validator.ValidatorTest"/>
  <testcase name="testValidateValid30SpecByContent" time="0.313" classname="spec.validator.ValidatorTest"/>
  <testcase name="testValidateValid30SpecByUrl" time="0.3" classname="spec.validator.ValidatorTest"/>
</testsuite> <!-- Surefire test -->
